

> @trustlayer/dashboard@0.1.0 lint /Users/nanaakua/Projects/trustlayer/apps/dashboard
> eslint .

(node:41284) Warning: To load an ES module, set "type": "module" in the package.json or use the .mjs extension.
(Use `node --trace-warnings ...` to show where the warning was created)

Oops! Something went wrong! :(

ESLint: 10.3.0

/Users/nanaakua/Projects/trustlayer/eslint.config.js:1
import js from "@eslint/js";
^^^^^^

SyntaxError: Cannot use import statement outside a module
    at internalCompileFunction (node:internal/vm:76:18)
    at wrapSafe (node:internal/modules/cjs/loader:1283:20)
    at Module._compile (node:internal/modules/cjs/loader:1328:27)
    at Module._extensions..js (node:internal/modules/cjs/loader:1422:10)
    at Module.load (node:internal/modules/cjs/loader:1203:32)
    at Module._load (node:internal/modules/cjs/loader:1019:12)
    at ModuleWrap.<anonymous> (node:internal/modules/esm/translators:203:29)
    at ModuleJob.run (node:internal/modules/esm/module_job:195:25)
    at async ModuleLoader.import (node:internal/modules/esm/loader:337:24)
    at async importModuleDynamicallyWrapper (node:internal/vm/module:432:15)
[41m[30m ELIFECYCLE [39m[49m [31mCommand failed with exit code 2.[39m
